<?xml version="1.0" encoding="UTF-8"?>
<!-- Generated by org.testng.reporters.JUnitReportReporter -->
<testsuite hostname="DESKTOP-FHQ2NT0" failures="0" tests="2" name="com.testNG.AnnotationsTest" time="0.015" errors="0" timestamp="2024-12-21T17:42:40 GMT+12:00" skipped="0">
  <testcase classname="com.testNG.AnnotationsTest" name="testmethod2" time="0.006"/>
  <testcase classname="com.testNG.AnnotationsTest" name="testmethod1" time="0.009"/>
</testsuite> <!-- com.testNG.AnnotationsTest -->
