<?xml version="1.0" encoding="UTF-8"?>
<!-- Generated by org.testng.reporters.JUnitReportReporter -->
<testsuite hostname="DESKTOP-FHQ2NT0" failures="0" tests="1" name="TestNGClass" time="0.013" errors="0" timestamp="2024-12-21T07:28:55 GMT+12:00" skipped="0">
  <testcase classname="TestNGClass" name="foo" time="0.013"/>
</testsuite> <!-- TestNGClass -->
