<?xml version="1.0" encoding="UTF-8"?>
<!-- Generated by org.testng.reporters.JUnitReportReporter -->
<testsuite hostname="DESKTOP-FHQ2NT0" failures="0" tests="3" name="com.demotest.NewTest2" time="0.015" errors="0" timestamp="2024-12-22T07:23:46 GMT+12:00" skipped="0">
  <testcase classname="com.demotest.NewTest2" name="test6" time="0.002"/>
  <testcase classname="com.demotest.NewTest2" name="test4" time="0.011"/>
  <testcase classname="com.demotest.NewTest2" name="test5" time="0.002"/>
</testsuite> <!-- com.demotest.NewTest2 -->
