<?xml version="1.0" encoding="UTF-8"?>
<!-- Generated by org.testng.reporters.JUnitReportReporter -->
<testsuite hostname="DESKTOP-FHQ2NT0" failures="0" tests="6" name="com.testNG.FlightBookingTest" time="0.022" errors="0" timestamp="2024-12-22T07:14:06 GMT+12:00" skipped="0">
  <testcase classname="com.testNG.FlightBookingTest" name="Signup" time="0.013"/>
  <testcase classname="com.testNG.FlightBookingTest" name="Login" time="0.002"/>
  <testcase classname="com.testNG.FlightBookingTest" name="SearchForTheFlight" time="0.002"/>
  <testcase classname="com.testNG.FlightBookingTest" name="BookTheFlight" time="0.002"/>
  <testcase classname="com.testNG.FlightBookingTest" name="SaveTheTicket" time="0.002"/>
  <testcase classname="com.testNG.FlightBookingTest" name="Logout" time="0.001"/>
</testsuite> <!-- com.testNG.FlightBookingTest -->
